<?xml version="1.0" encoding="UTF-8"?>
<testsuite xmlns:xsi="http://www.w3.org/2001/XMLSchema-instance" xsi:noNamespaceSchemaLocation="https://maven.apache.org/surefire/maven-surefire-plugin/xsd/surefire-test-report.xsd" name="com.javatechie.ProductServiceApplicationTests" time="0.843" tests="1" errors="1" skipped="0" failures="0">
  <properties>
    <property name="sun.desktop" value="windows"/>
    <property name="awt.toolkit" value="sun.awt.windows.WToolkit"/>
    <property name="file.encoding.pkg" value="sun.io"/>
    <property name="java.specification.version" value="1.8"/>
    <property name="sun.cpu.isalist" value="amd64"/>
    <property name="sun.jnu.encoding" value="Cp1252"/>
    <property name="java.class.path" value="C:\Users\rukulkar\Downloads\SCDFTask\spring-cloud-data-flow-example-master\spring-cloud-data-flow-example-master\product-service\target\test-classes;C:\Users\rukulkar\Downloads\SCDFTask\spring-cloud-data-flow-example-master\spring-cloud-data-flow-example-master\product-service\target\classes;C:\Users\rukulkar\.m2\repository\org\springframework\cloud\spring-cloud-stream\3.0.1.RELEASE\spring-cloud-stream-3.0.1.RELEASE.jar;C:\Users\rukulkar\.m2\repository\org\springframework\boot\spring-boot-starter-validation\2.2.2.RELEASE\spring-boot-starter-validation-2.2.2.RELEASE.jar;C:\Users\rukulkar\.m2\repository\jakarta\validation\jakarta.validation-api\2.0.1\jakarta.validation-api-2.0.1.jar;C:\Users\rukulkar\.m2\repository\org\apache\tomcat\embed\tomcat-embed-el\9.0.29\tomcat-embed-el-9.0.29.jar;C:\Users\rukulkar\.m2\repository\org\hibernate\validator\hibernate-validator\6.0.18.Final\hibernate-validator-6.0.18.Final.jar;C:\Users\rukulkar\.m2\repository\org\jboss\logging\jboss-logging\3.4.1.Final\jboss-logging-3.4.1.Final.jar;C:\Users\rukulkar\.m2\repository\com\fasterxml\classmate\1.5.1\classmate-1.5.1.jar;C:\Users\rukulkar\.m2\repository\org\springframework\spring-messaging\5.2.2.RELEASE\spring-messaging-5.2.2.RELEASE.jar;C:\Users\rukulkar\.m2\repository\org\springframework\spring-beans\5.2.2.RELEASE\spring-beans-5.2.2.RELEASE.jar;C:\Users\rukulkar\.m2\repository\org\springframework\integration\spring-integration-core\5.2.2.RELEASE\spring-integration-core-5.2.2.RELEASE.jar;C:\Users\rukulkar\.m2\repository\io\projectreactor\reactor-core\3.3.1.RELEASE\reactor-core-3.3.1.RELEASE.jar;C:\Users\rukulkar\.m2\repository\org\reactivestreams\reactive-streams\1.0.3\reactive-streams-1.0.3.jar;C:\Users\rukulkar\.m2\repository\org\springframework\spring-aop\5.2.2.RELEASE\spring-aop-5.2.2.RELEASE.jar;C:\Users\rukulkar\.m2\repository\org\springframework\integration\spring-integration-jmx\5.2.2.RELEASE\spring-integration-jmx-5.2.2.RELEASE.jar;C:\Users\rukulkar\.m2\repository\org\springframework\retry\spring-retry\1.2.4.RELEASE\spring-retry-1.2.4.RELEASE.jar;C:\Users\rukulkar\.m2\repository\org\springframework\cloud\spring-cloud-function-context\3.0.1.RELEASE\spring-cloud-function-context-3.0.1.RELEASE.jar;C:\Users\rukulkar\.m2\repository\org\springframework\cloud\spring-cloud-function-core\3.0.1.RELEASE\spring-cloud-function-core-3.0.1.RELEASE.jar;C:\Users\rukulkar\.m2\repository\org\springframework\cloud\spring-cloud-stream-binder-kafka\3.0.1.RELEASE\spring-cloud-stream-binder-kafka-3.0.1.RELEASE.jar;C:\Users\rukulkar\.m2\repository\org\springframework\cloud\spring-cloud-stream-binder-kafka-core\3.0.1.RELEASE\spring-cloud-stream-binder-kafka-core-3.0.1.RELEASE.jar;C:\Users\rukulkar\.m2\repository\org\springframework\integration\spring-integration-kafka\3.2.1.RELEASE\spring-integration-kafka-3.2.1.RELEASE.jar;C:\Users\rukulkar\.m2\repository\org\apache\kafka\kafka-clients\2.3.1\kafka-clients-2.3.1.jar;C:\Users\rukulkar\.m2\repository\com\github\luben\zstd-jni\1.4.0-1\zstd-jni-1.4.0-1.jar;C:\Users\rukulkar\.m2\repository\org\lz4\lz4-java\1.6.0\lz4-java-1.6.0.jar;C:\Users\rukulkar\.m2\repository\org\xerial\snappy\snappy-java\1.1.7.3\snappy-java-1.1.7.3.jar;C:\Users\rukulkar\.m2\repository\org\slf4j\slf4j-api\1.7.29\slf4j-api-1.7.29.jar;C:\Users\rukulkar\.m2\repository\org\springframework\kafka\spring-kafka\2.3.4.RELEASE\spring-kafka-2.3.4.RELEASE.jar;C:\Users\rukulkar\.m2\repository\org\springframework\spring-context\5.2.2.RELEASE\spring-context-5.2.2.RELEASE.jar;C:\Users\rukulkar\.m2\repository\org\springframework\spring-expression\5.2.2.RELEASE\spring-expression-5.2.2.RELEASE.jar;C:\Users\rukulkar\.m2\repository\org\springframework\spring-tx\5.2.2.RELEASE\spring-tx-5.2.2.RELEASE.jar;C:\Users\rukulkar\.m2\repository\org\projectlombok\lombok\1.18.10\lombok-1.18.10.jar;C:\Users\rukulkar\.m2\repository\org\springframework\boot\spring-boot-starter-test\2.2.2.RELEASE\spring-boot-starter-test-2.2.2.RELEASE.jar;C:\Users\rukulkar\.m2\repository\org\springframework\boot\spring-boot-starter\2.2.2.RELEASE\spring-boot-starter-2.2.2.RELEASE.jar;C:\Users\rukulkar\.m2\repository\org\springframework\boot\spring-boot\2.2.2.RELEASE\spring-boot-2.2.2.RELEASE.jar;C:\Users\rukulkar\.m2\repository\org\springframework\boot\spring-boot-starter-logging\2.2.2.RELEASE\spring-boot-starter-logging-2.2.2.RELEASE.jar;C:\Users\rukulkar\.m2\repository\ch\qos\logback\logback-classic\1.2.3\logback-classic-1.2.3.jar;C:\Users\rukulkar\.m2\repository\ch\qos\logback\logback-core\1.2.3\logback-core-1.2.3.jar;C:\Users\rukulkar\.m2\repository\org\apache\logging\log4j\log4j-to-slf4j\2.12.1\log4j-to-slf4j-2.12.1.jar;C:\Users\rukulkar\.m2\repository\org\apache\logging\log4j\log4j-api\2.12.1\log4j-api-2.12.1.jar;C:\Users\rukulkar\.m2\repository\org\slf4j\jul-to-slf4j\1.7.29\jul-to-slf4j-1.7.29.jar;C:\Users\rukulkar\.m2\repository\jakarta\annotation\jakarta.annotation-api\1.3.5\jakarta.annotation-api-1.3.5.jar;C:\Users\rukulkar\.m2\repository\org\yaml\snakeyaml\1.25\snakeyaml-1.25.jar;C:\Users\rukulkar\.m2\repository\org\springframework\boot\spring-boot-test\2.2.2.RELEASE\spring-boot-test-2.2.2.RELEASE.jar;C:\Users\rukulkar\.m2\repository\org\springframework\boot\spring-boot-test-autoconfigure\2.2.2.RELEASE\spring-boot-test-autoconfigure-2.2.2.RELEASE.jar;C:\Users\rukulkar\.m2\repository\com\jayway\jsonpath\json-path\2.4.0\json-path-2.4.0.jar;C:\Users\rukulkar\.m2\repository\net\minidev\json-smart\2.3\json-smart-2.3.jar;C:\Users\rukulkar\.m2\repository\net\minidev\accessors-smart\1.2\accessors-smart-1.2.jar;C:\Users\rukulkar\.m2\repository\org\ow2\asm\asm\5.0.4\asm-5.0.4.jar;C:\Users\rukulkar\.m2\repository\jakarta\xml\bind\jakarta.xml.bind-api\2.3.2\jakarta.xml.bind-api-2.3.2.jar;C:\Users\rukulkar\.m2\repository\jakarta\activation\jakarta.activation-api\1.2.1\jakarta.activation-api-1.2.1.jar;C:\Users\rukulkar\.m2\repository\org\junit\jupiter\junit-jupiter\5.5.2\junit-jupiter-5.5.2.jar;C:\Users\rukulkar\.m2\repository\org\junit\jupiter\junit-jupiter-params\5.5.2\junit-jupiter-params-5.5.2.jar;C:\Users\rukulkar\.m2\repository\org\junit\jupiter\junit-jupiter-engine\5.5.2\junit-jupiter-engine-5.5.2.jar;C:\Users\rukulkar\.m2\repository\org\junit\platform\junit-platform-engine\1.5.2\junit-platform-engine-1.5.2.jar;C:\Users\rukulkar\.m2\repository\org\mockito\mockito-junit-jupiter\3.1.0\mockito-junit-jupiter-3.1.0.jar;C:\Users\rukulkar\.m2\repository\org\assertj\assertj-core\3.13.2\assertj-core-3.13.2.jar;C:\Users\rukulkar\.m2\repository\org\hamcrest\hamcrest\2.1\hamcrest-2.1.jar;C:\Users\rukulkar\.m2\repository\org\mockito\mockito-core\3.1.0\mockito-core-3.1.0.jar;C:\Users\rukulkar\.m2\repository\net\bytebuddy\byte-buddy\1.10.4\byte-buddy-1.10.4.jar;C:\Users\rukulkar\.m2\repository\net\bytebuddy\byte-buddy-agent\1.10.4\byte-buddy-agent-1.10.4.jar;C:\Users\rukulkar\.m2\repository\org\objenesis\objenesis\2.6\objenesis-2.6.jar;C:\Users\rukulkar\.m2\repository\org\skyscreamer\jsonassert\1.5.0\jsonassert-1.5.0.jar;C:\Users\rukulkar\.m2\repository\com\vaadin\external\google\android-json\0.0.20131108.vaadin1\android-json-0.0.20131108.vaadin1.jar;C:\Users\rukulkar\.m2\repository\org\springframework\spring-core\5.2.2.RELEASE\spring-core-5.2.2.RELEASE.jar;C:\Users\rukulkar\.m2\repository\org\springframework\spring-jcl\5.2.2.RELEASE\spring-jcl-5.2.2.RELEASE.jar;C:\Users\rukulkar\.m2\repository\org\springframework\spring-test\5.2.2.RELEASE\spring-test-5.2.2.RELEASE.jar;C:\Users\rukulkar\.m2\repository\org\xmlunit\xmlunit-core\2.6.3\xmlunit-core-2.6.3.jar;C:\Users\rukulkar\.m2\repository\org\springframework\cloud\spring-cloud-stream-test-support\3.0.1.RELEASE\spring-cloud-stream-test-support-3.0.1.RELEASE.jar;C:\Users\rukulkar\.m2\repository\org\springframework\boot\spring-boot-autoconfigure\2.2.2.RELEASE\spring-boot-autoconfigure-2.2.2.RELEASE.jar;C:\Users\rukulkar\.m2\repository\com\fasterxml\jackson\core\jackson-databind\2.10.1\jackson-databind-2.10.1.jar;C:\Users\rukulkar\.m2\repository\com\fasterxml\jackson\core\jackson-annotations\2.10.1\jackson-annotations-2.10.1.jar;C:\Users\rukulkar\.m2\repository\com\fasterxml\jackson\core\jackson-core\2.10.1\jackson-core-2.10.1.jar;C:\Users\rukulkar\.m2\repository\org\springframework\kafka\spring-kafka-test\2.3.4.RELEASE\spring-kafka-test-2.3.4.RELEASE.jar;C:\Users\rukulkar\.m2\repository\org\apache\kafka\kafka-clients\2.3.1\kafka-clients-2.3.1-test.jar;C:\Users\rukulkar\.m2\repository\org\apache\kafka\kafka-streams\2.3.1\kafka-streams-2.3.1.jar;C:\Users\rukulkar\.m2\repository\org\apache\kafka\connect-json\2.3.1\connect-json-2.3.1.jar;C:\Users\rukulkar\.m2\repository\org\apache\kafka\connect-api\2.3.1\connect-api-2.3.1.jar;C:\Users\rukulkar\.m2\repository\org\rocksdb\rocksdbjni\5.18.3\rocksdbjni-5.18.3.jar;C:\Users\rukulkar\.m2\repository\org\apache\kafka\kafka-streams-test-utils\2.3.1\kafka-streams-test-utils-2.3.1.jar;C:\Users\rukulkar\.m2\repository\org\apache\kafka\kafka_2.12\2.3.1\kafka_2.12-2.3.1.jar;C:\Users\rukulkar\.m2\repository\com\fasterxml\jackson\module\jackson-module-scala_2.12\2.10.1\jackson-module-scala_2.12-2.10.1.jar;C:\Users\rukulkar\.m2\repository\com\fasterxml\jackson\module\jackson-module-paranamer\2.10.1\jackson-module-paranamer-2.10.1.jar;C:\Users\rukulkar\.m2\repository\com\thoughtworks\paranamer\paranamer\2.8\paranamer-2.8.jar;C:\Users\rukulkar\.m2\repository\com\fasterxml\jackson\dataformat\jackson-dataformat-csv\2.10.1\jackson-dataformat-csv-2.10.1.jar;C:\Users\rukulkar\.m2\repository\com\fasterxml\jackson\datatype\jackson-datatype-jdk8\2.10.1\jackson-datatype-jdk8-2.10.1.jar;C:\Users\rukulkar\.m2\repository\net\sf\jopt-simple\jopt-simple\5.0.4\jopt-simple-5.0.4.jar;C:\Users\rukulkar\.m2\repository\com\yammer\metrics\metrics-core\2.2.0\metrics-core-2.2.0.jar;C:\Users\rukulkar\.m2\repository\org\scala-lang\scala-library\2.12.8\scala-library-2.12.8.jar;C:\Users\rukulkar\.m2\repository\org\scala-lang\scala-reflect\2.12.8\scala-reflect-2.12.8.jar;C:\Users\rukulkar\.m2\repository\com\typesafe\scala-logging\scala-logging_2.12\3.9.0\scala-logging_2.12-3.9.0.jar;C:\Users\rukulkar\.m2\repository\com\101tec\zkclient\0.11\zkclient-0.11.jar;C:\Users\rukulkar\.m2\repository\org\apache\zookeeper\zookeeper\3.4.14\zookeeper-3.4.14.jar;C:\Users\rukulkar\.m2\repository\com\github\spotbugs\spotbugs-annotations\3.1.9\spotbugs-annotations-3.1.9.jar;C:\Users\rukulkar\.m2\repository\com\google\code\findbugs\jsr305\3.0.2\jsr305-3.0.2.jar;C:\Users\rukulkar\.m2\repository\org\apache\yetus\audience-annotations\0.5.0\audience-annotations-0.5.0.jar;C:\Users\rukulkar\.m2\repository\org\apache\kafka\kafka_2.12\2.3.1\kafka_2.12-2.3.1-test.jar;C:\Users\rukulkar\.m2\repository\org\junit\jupiter\junit-jupiter-api\5.5.2\junit-jupiter-api-5.5.2.jar;C:\Users\rukulkar\.m2\repository\org\apiguardian\apiguardian-api\1.1.0\apiguardian-api-1.1.0.jar;C:\Users\rukulkar\.m2\repository\org\opentest4j\opentest4j\1.2.0\opentest4j-1.2.0.jar;C:\Users\rukulkar\.m2\repository\org\junit\platform\junit-platform-commons\1.5.2\junit-platform-commons-1.5.2.jar;"/>
    <property name="java.vm.vendor" value="Oracle Corporation"/>
    <property name="sun.arch.data.model" value="64"/>
    <property name="user.variant" value=""/>
    <property name="java.vendor.url" value="http://java.oracle.com/"/>
    <property name="user.timezone" value="Asia/Calcutta"/>
    <property name="java.vm.specification.version" value="1.8"/>
    <property name="os.name" value="Windows 10"/>
    <property name="user.country" value="US"/>
    <property name="sun.java.launcher" value="SUN_STANDARD"/>
    <property name="sun.boot.library.path" value="C:\Program Files\Java\jdk1.8.0_261\jre\bin"/>
    <property name="sun.java.command" value="C:\Users\rukulkar\AppData\Local\Temp\surefire5629634838656539001\surefirebooter2936079661213031620.jar C:\Users\rukulkar\AppData\Local\Temp\surefire5629634838656539001 2020-10-13T18-33-50_420-jvmRun1 surefire6633288551599096660tmp surefire_06708457410477037696tmp"/>
    <property name="surefire.test.class.path" value="C:\Users\rukulkar\Downloads\SCDFTask\spring-cloud-data-flow-example-master\spring-cloud-data-flow-example-master\product-service\target\test-classes;C:\Users\rukulkar\Downloads\SCDFTask\spring-cloud-data-flow-example-master\spring-cloud-data-flow-example-master\product-service\target\classes;C:\Users\rukulkar\.m2\repository\org\springframework\cloud\spring-cloud-stream\3.0.1.RELEASE\spring-cloud-stream-3.0.1.RELEASE.jar;C:\Users\rukulkar\.m2\repository\org\springframework\boot\spring-boot-starter-validation\2.2.2.RELEASE\spring-boot-starter-validation-2.2.2.RELEASE.jar;C:\Users\rukulkar\.m2\repository\jakarta\validation\jakarta.validation-api\2.0.1\jakarta.validation-api-2.0.1.jar;C:\Users\rukulkar\.m2\repository\org\apache\tomcat\embed\tomcat-embed-el\9.0.29\tomcat-embed-el-9.0.29.jar;C:\Users\rukulkar\.m2\repository\org\hibernate\validator\hibernate-validator\6.0.18.Final\hibernate-validator-6.0.18.Final.jar;C:\Users\rukulkar\.m2\repository\org\jboss\logging\jboss-logging\3.4.1.Final\jboss-logging-3.4.1.Final.jar;C:\Users\rukulkar\.m2\repository\com\fasterxml\classmate\1.5.1\classmate-1.5.1.jar;C:\Users\rukulkar\.m2\repository\org\springframework\spring-messaging\5.2.2.RELEASE\spring-messaging-5.2.2.RELEASE.jar;C:\Users\rukulkar\.m2\repository\org\springframework\spring-beans\5.2.2.RELEASE\spring-beans-5.2.2.RELEASE.jar;C:\Users\rukulkar\.m2\repository\org\springframework\integration\spring-integration-core\5.2.2.RELEASE\spring-integration-core-5.2.2.RELEASE.jar;C:\Users\rukulkar\.m2\repository\io\projectreactor\reactor-core\3.3.1.RELEASE\reactor-core-3.3.1.RELEASE.jar;C:\Users\rukulkar\.m2\repository\org\reactivestreams\reactive-streams\1.0.3\reactive-streams-1.0.3.jar;C:\Users\rukulkar\.m2\repository\org\springframework\spring-aop\5.2.2.RELEASE\spring-aop-5.2.2.RELEASE.jar;C:\Users\rukulkar\.m2\repository\org\springframework\integration\spring-integration-jmx\5.2.2.RELEASE\spring-integration-jmx-5.2.2.RELEASE.jar;C:\Users\rukulkar\.m2\repository\org\springframework\retry\spring-retry\1.2.4.RELEASE\spring-retry-1.2.4.RELEASE.jar;C:\Users\rukulkar\.m2\repository\org\springframework\cloud\spring-cloud-function-context\3.0.1.RELEASE\spring-cloud-function-context-3.0.1.RELEASE.jar;C:\Users\rukulkar\.m2\repository\org\springframework\cloud\spring-cloud-function-core\3.0.1.RELEASE\spring-cloud-function-core-3.0.1.RELEASE.jar;C:\Users\rukulkar\.m2\repository\org\springframework\cloud\spring-cloud-stream-binder-kafka\3.0.1.RELEASE\spring-cloud-stream-binder-kafka-3.0.1.RELEASE.jar;C:\Users\rukulkar\.m2\repository\org\springframework\cloud\spring-cloud-stream-binder-kafka-core\3.0.1.RELEASE\spring-cloud-stream-binder-kafka-core-3.0.1.RELEASE.jar;C:\Users\rukulkar\.m2\repository\org\springframework\integration\spring-integration-kafka\3.2.1.RELEASE\spring-integration-kafka-3.2.1.RELEASE.jar;C:\Users\rukulkar\.m2\repository\org\apache\kafka\kafka-clients\2.3.1\kafka-clients-2.3.1.jar;C:\Users\rukulkar\.m2\repository\com\github\luben\zstd-jni\1.4.0-1\zstd-jni-1.4.0-1.jar;C:\Users\rukulkar\.m2\repository\org\lz4\lz4-java\1.6.0\lz4-java-1.6.0.jar;C:\Users\rukulkar\.m2\repository\org\xerial\snappy\snappy-java\1.1.7.3\snappy-java-1.1.7.3.jar;C:\Users\rukulkar\.m2\repository\org\slf4j\slf4j-api\1.7.29\slf4j-api-1.7.29.jar;C:\Users\rukulkar\.m2\repository\org\springframework\kafka\spring-kafka\2.3.4.RELEASE\spring-kafka-2.3.4.RELEASE.jar;C:\Users\rukulkar\.m2\repository\org\springframework\spring-context\5.2.2.RELEASE\spring-context-5.2.2.RELEASE.jar;C:\Users\rukulkar\.m2\repository\org\springframework\spring-expression\5.2.2.RELEASE\spring-expression-5.2.2.RELEASE.jar;C:\Users\rukulkar\.m2\repository\org\springframework\spring-tx\5.2.2.RELEASE\spring-tx-5.2.2.RELEASE.jar;C:\Users\rukulkar\.m2\repository\org\projectlombok\lombok\1.18.10\lombok-1.18.10.jar;C:\Users\rukulkar\.m2\repository\org\springframework\boot\spring-boot-starter-test\2.2.2.RELEASE\spring-boot-starter-test-2.2.2.RELEASE.jar;C:\Users\rukulkar\.m2\repository\org\springframework\boot\spring-boot-starter\2.2.2.RELEASE\spring-boot-starter-2.2.2.RELEASE.jar;C:\Users\rukulkar\.m2\repository\org\springframework\boot\spring-boot\2.2.2.RELEASE\spring-boot-2.2.2.RELEASE.jar;C:\Users\rukulkar\.m2\repository\org\springframework\boot\spring-boot-starter-logging\2.2.2.RELEASE\spring-boot-starter-logging-2.2.2.RELEASE.jar;C:\Users\rukulkar\.m2\repository\ch\qos\logback\logback-classic\1.2.3\logback-classic-1.2.3.jar;C:\Users\rukulkar\.m2\repository\ch\qos\logback\logback-core\1.2.3\logback-core-1.2.3.jar;C:\Users\rukulkar\.m2\repository\org\apache\logging\log4j\log4j-to-slf4j\2.12.1\log4j-to-slf4j-2.12.1.jar;C:\Users\rukulkar\.m2\repository\org\apache\logging\log4j\log4j-api\2.12.1\log4j-api-2.12.1.jar;C:\Users\rukulkar\.m2\repository\org\slf4j\jul-to-slf4j\1.7.29\jul-to-slf4j-1.7.29.jar;C:\Users\rukulkar\.m2\repository\jakarta\annotation\jakarta.annotation-api\1.3.5\jakarta.annotation-api-1.3.5.jar;C:\Users\rukulkar\.m2\repository\org\yaml\snakeyaml\1.25\snakeyaml-1.25.jar;C:\Users\rukulkar\.m2\repository\org\springframework\boot\spring-boot-test\2.2.2.RELEASE\spring-boot-test-2.2.2.RELEASE.jar;C:\Users\rukulkar\.m2\repository\org\springframework\boot\spring-boot-test-autoconfigure\2.2.2.RELEASE\spring-boot-test-autoconfigure-2.2.2.RELEASE.jar;C:\Users\rukulkar\.m2\repository\com\jayway\jsonpath\json-path\2.4.0\json-path-2.4.0.jar;C:\Users\rukulkar\.m2\repository\net\minidev\json-smart\2.3\json-smart-2.3.jar;C:\Users\rukulkar\.m2\repository\net\minidev\accessors-smart\1.2\accessors-smart-1.2.jar;C:\Users\rukulkar\.m2\repository\org\ow2\asm\asm\5.0.4\asm-5.0.4.jar;C:\Users\rukulkar\.m2\repository\jakarta\xml\bind\jakarta.xml.bind-api\2.3.2\jakarta.xml.bind-api-2.3.2.jar;C:\Users\rukulkar\.m2\repository\jakarta\activation\jakarta.activation-api\1.2.1\jakarta.activation-api-1.2.1.jar;C:\Users\rukulkar\.m2\repository\org\junit\jupiter\junit-jupiter\5.5.2\junit-jupiter-5.5.2.jar;C:\Users\rukulkar\.m2\repository\org\junit\jupiter\junit-jupiter-params\5.5.2\junit-jupiter-params-5.5.2.jar;C:\Users\rukulkar\.m2\repository\org\junit\jupiter\junit-jupiter-engine\5.5.2\junit-jupiter-engine-5.5.2.jar;C:\Users\rukulkar\.m2\repository\org\junit\platform\junit-platform-engine\1.5.2\junit-platform-engine-1.5.2.jar;C:\Users\rukulkar\.m2\repository\org\mockito\mockito-junit-jupiter\3.1.0\mockito-junit-jupiter-3.1.0.jar;C:\Users\rukulkar\.m2\repository\org\assertj\assertj-core\3.13.2\assertj-core-3.13.2.jar;C:\Users\rukulkar\.m2\repository\org\hamcrest\hamcrest\2.1\hamcrest-2.1.jar;C:\Users\rukulkar\.m2\repository\org\mockito\mockito-core\3.1.0\mockito-core-3.1.0.jar;C:\Users\rukulkar\.m2\repository\net\bytebuddy\byte-buddy\1.10.4\byte-buddy-1.10.4.jar;C:\Users\rukulkar\.m2\repository\net\bytebuddy\byte-buddy-agent\1.10.4\byte-buddy-agent-1.10.4.jar;C:\Users\rukulkar\.m2\repository\org\objenesis\objenesis\2.6\objenesis-2.6.jar;C:\Users\rukulkar\.m2\repository\org\skyscreamer\jsonassert\1.5.0\jsonassert-1.5.0.jar;C:\Users\rukulkar\.m2\repository\com\vaadin\external\google\android-json\0.0.20131108.vaadin1\android-json-0.0.20131108.vaadin1.jar;C:\Users\rukulkar\.m2\repository\org\springframework\spring-core\5.2.2.RELEASE\spring-core-5.2.2.RELEASE.jar;C:\Users\rukulkar\.m2\repository\org\springframework\spring-jcl\5.2.2.RELEASE\spring-jcl-5.2.2.RELEASE.jar;C:\Users\rukulkar\.m2\repository\org\springframework\spring-test\5.2.2.RELEASE\spring-test-5.2.2.RELEASE.jar;C:\Users\rukulkar\.m2\repository\org\xmlunit\xmlunit-core\2.6.3\xmlunit-core-2.6.3.jar;C:\Users\rukulkar\.m2\repository\org\springframework\cloud\spring-cloud-stream-test-support\3.0.1.RELEASE\spring-cloud-stream-test-support-3.0.1.RELEASE.jar;C:\Users\rukulkar\.m2\repository\org\springframework\boot\spring-boot-autoconfigure\2.2.2.RELEASE\spring-boot-autoconfigure-2.2.2.RELEASE.jar;C:\Users\rukulkar\.m2\repository\com\fasterxml\jackson\core\jackson-databind\2.10.1\jackson-databind-2.10.1.jar;C:\Users\rukulkar\.m2\repository\com\fasterxml\jackson\core\jackson-annotations\2.10.1\jackson-annotations-2.10.1.jar;C:\Users\rukulkar\.m2\repository\com\fasterxml\jackson\core\jackson-core\2.10.1\jackson-core-2.10.1.jar;C:\Users\rukulkar\.m2\repository\org\springframework\kafka\spring-kafka-test\2.3.4.RELEASE\spring-kafka-test-2.3.4.RELEASE.jar;C:\Users\rukulkar\.m2\repository\org\apache\kafka\kafka-clients\2.3.1\kafka-clients-2.3.1-test.jar;C:\Users\rukulkar\.m2\repository\org\apache\kafka\kafka-streams\2.3.1\kafka-streams-2.3.1.jar;C:\Users\rukulkar\.m2\repository\org\apache\kafka\connect-json\2.3.1\connect-json-2.3.1.jar;C:\Users\rukulkar\.m2\repository\org\apache\kafka\connect-api\2.3.1\connect-api-2.3.1.jar;C:\Users\rukulkar\.m2\repository\org\rocksdb\rocksdbjni\5.18.3\rocksdbjni-5.18.3.jar;C:\Users\rukulkar\.m2\repository\org\apache\kafka\kafka-streams-test-utils\2.3.1\kafka-streams-test-utils-2.3.1.jar;C:\Users\rukulkar\.m2\repository\org\apache\kafka\kafka_2.12\2.3.1\kafka_2.12-2.3.1.jar;C:\Users\rukulkar\.m2\repository\com\fasterxml\jackson\module\jackson-module-scala_2.12\2.10.1\jackson-module-scala_2.12-2.10.1.jar;C:\Users\rukulkar\.m2\repository\com\fasterxml\jackson\module\jackson-module-paranamer\2.10.1\jackson-module-paranamer-2.10.1.jar;C:\Users\rukulkar\.m2\repository\com\thoughtworks\paranamer\paranamer\2.8\paranamer-2.8.jar;C:\Users\rukulkar\.m2\repository\com\fasterxml\jackson\dataformat\jackson-dataformat-csv\2.10.1\jackson-dataformat-csv-2.10.1.jar;C:\Users\rukulkar\.m2\repository\com\fasterxml\jackson\datatype\jackson-datatype-jdk8\2.10.1\jackson-datatype-jdk8-2.10.1.jar;C:\Users\rukulkar\.m2\repository\net\sf\jopt-simple\jopt-simple\5.0.4\jopt-simple-5.0.4.jar;C:\Users\rukulkar\.m2\repository\com\yammer\metrics\metrics-core\2.2.0\metrics-core-2.2.0.jar;C:\Users\rukulkar\.m2\repository\org\scala-lang\scala-library\2.12.8\scala-library-2.12.8.jar;C:\Users\rukulkar\.m2\repository\org\scala-lang\scala-reflect\2.12.8\scala-reflect-2.12.8.jar;C:\Users\rukulkar\.m2\repository\com\typesafe\scala-logging\scala-logging_2.12\3.9.0\scala-logging_2.12-3.9.0.jar;C:\Users\rukulkar\.m2\repository\com\101tec\zkclient\0.11\zkclient-0.11.jar;C:\Users\rukulkar\.m2\repository\org\apache\zookeeper\zookeeper\3.4.14\zookeeper-3.4.14.jar;C:\Users\rukulkar\.m2\repository\com\github\spotbugs\spotbugs-annotations\3.1.9\spotbugs-annotations-3.1.9.jar;C:\Users\rukulkar\.m2\repository\com\google\code\findbugs\jsr305\3.0.2\jsr305-3.0.2.jar;C:\Users\rukulkar\.m2\repository\org\apache\yetus\audience-annotations\0.5.0\audience-annotations-0.5.0.jar;C:\Users\rukulkar\.m2\repository\org\apache\kafka\kafka_2.12\2.3.1\kafka_2.12-2.3.1-test.jar;C:\Users\rukulkar\.m2\repository\org\junit\jupiter\junit-jupiter-api\5.5.2\junit-jupiter-api-5.5.2.jar;C:\Users\rukulkar\.m2\repository\org\apiguardian\apiguardian-api\1.1.0\apiguardian-api-1.1.0.jar;C:\Users\rukulkar\.m2\repository\org\opentest4j\opentest4j\1.2.0\opentest4j-1.2.0.jar;C:\Users\rukulkar\.m2\repository\org\junit\platform\junit-platform-commons\1.5.2\junit-platform-commons-1.5.2.jar;"/>
    <property name="sun.cpu.endian" value="little"/>
    <property name="user.home" value="C:\Users\rukulkar"/>
    <property name="user.language" value="en"/>
    <property name="java.specification.vendor" value="Oracle Corporation"/>
    <property name="java.home" value="C:\Program Files\Java\jdk1.8.0_261\jre"/>
    <property name="basedir" value="C:\Users\rukulkar\Downloads\SCDFTask\spring-cloud-data-flow-example-master\spring-cloud-data-flow-example-master\product-service"/>
    <property name="style.color" value="always"/>
    <property name="file.separator" value="\"/>
    <property name="line.separator" value="&#10;"/>
    <property name="java.vm.specification.vendor" value="Oracle Corporation"/>
    <property name="java.specification.name" value="Java Platform API Specification"/>
    <property name="java.awt.graphicsenv" value="sun.awt.Win32GraphicsEnvironment"/>
    <property name="surefire.real.class.path" value="C:\Users\rukulkar\AppData\Local\Temp\surefire5629634838656539001\surefirebooter2936079661213031620.jar"/>
    <property name="sun.boot.class.path" value="C:\Program Files\Java\jdk1.8.0_261\jre\lib\resources.jar;C:\Program Files\Java\jdk1.8.0_261\jre\lib\rt.jar;C:\Program Files\Java\jdk1.8.0_261\jre\lib\sunrsasign.jar;C:\Program Files\Java\jdk1.8.0_261\jre\lib\jsse.jar;C:\Program Files\Java\jdk1.8.0_261\jre\lib\jce.jar;C:\Program Files\Java\jdk1.8.0_261\jre\lib\charsets.jar;C:\Program Files\Java\jdk1.8.0_261\jre\lib\jfr.jar;C:\Program Files\Java\jdk1.8.0_261\jre\classes"/>
    <property name="user.script" value=""/>
    <property name="sun.management.compiler" value="HotSpot 64-Bit Tiered Compilers"/>
    <property name="java.runtime.version" value="1.8.0_261-b12"/>
    <property name="user.name" value="rukulkar"/>
    <property name="path.separator" value=";"/>
    <property name="os.version" value="10.0"/>
    <property name="java.endorsed.dirs" value="C:\Program Files\Java\jdk1.8.0_261\jre\lib\endorsed"/>
    <property name="java.runtime.name" value="Java(TM) SE Runtime Environment"/>
    <property name="file.encoding" value="Cp1252"/>
    <property name="java.vm.name" value="Java HotSpot(TM) 64-Bit Server VM"/>
    <property name="localRepository" value="C:\Users\rukulkar\.m2\repository"/>
    <property name="java.vendor.url.bug" value="http://bugreport.sun.com/bugreport/"/>
    <property name="java.io.tmpdir" value="C:\Users\rukulkar\AppData\Local\Temp\"/>
    <property name="java.version" value="1.8.0_261"/>
    <property name="user.dir" value="C:\Users\rukulkar\Downloads\SCDFTask\spring-cloud-data-flow-example-master\spring-cloud-data-flow-example-master\product-service"/>
    <property name="os.arch" value="amd64"/>
    <property name="java.vm.specification.name" value="Java Virtual Machine Specification"/>
    <property name="java.awt.printerjob" value="sun.awt.windows.WPrinterJob"/>
    <property name="sun.os.patch.level" value=""/>
    <property name="java.library.path" value="C:\Program Files\Java\jdk1.8.0_261\jre\bin;C:\windows\Sun\Java\bin;C:\windows\system32;C:\windows;C:\Program Files (x86)\Microsoft SDKs\Azure\CLI2\wbin;C:\windows\system32;C:\windows;C:\windows\System32\Wbem;C:\windows\System32\WindowsPowerShell\v1.0\;C:\windows\System32\OpenSSH\;C:\Program Files\CrashPlan\jre\bin\server\;C:\Program Files\CrashPlan\jre\bin\;C:\Users\rukulkar\Downloads\apache-maven-3.6.3-bin\apache-maven-3.6.3\bin;C:\Program Files\Java\jdk1.8.0_261\bin;C:\Program Files\Docker\Docker\resources\bin;C:\ProgramData\DockerDesktop\version-bin;C:\Program Files\Git\cmd;C:\Program Files\PowerShell\7\;C:\Program Files\MySQL\MySQL Shell 8.0\bin\;C:\Users\rukulkar\AppData\Local\Microsoft\WindowsApps;C:\Program Files\Java\jdk1.8.0_261\bin;C:\Users\rukulkar\Downloads\apache-maven-3.6.3-bin\apache-maven-3.6.3\bin;C:\Users\rukulkar\Downloads\kafka_2.11-2.3.1\bin\windows;;."/>
    <property name="java.vm.info" value="mixed mode"/>
    <property name="java.vendor" value="Oracle Corporation"/>
    <property name="java.vm.version" value="25.261-b12"/>
    <property name="java.ext.dirs" value="C:\Program Files\Java\jdk1.8.0_261\jre\lib\ext;C:\windows\Sun\Java\lib\ext"/>
    <property name="sun.io.unicode.encoding" value="UnicodeLittle"/>
    <property name="java.class.version" value="52.0"/>
  </properties>
  <testcase name="com.javatechie.ProductServiceApplicationTests" classname="com.javatechie.ProductServiceApplicationTests" time="0.84">
    <error message="Unable to find a @SpringBootConfiguration, you need to use @ContextConfiguration or @SpringBootTest(classes=...) with your test" type="java.lang.IllegalStateException">java.lang.IllegalStateException: Unable to find a @SpringBootConfiguration, you need to use @ContextConfiguration or @SpringBootTest(classes=...) with your test
</error>
    <system-out><![CDATA[18:33:54.130 [main] DEBUG org.springframework.test.context.BootstrapUtils - Instantiating CacheAwareContextLoaderDelegate from class [org.springframework.test.context.cache.DefaultCacheAwareContextLoaderDelegate]
18:33:54.202 [main] DEBUG org.springframework.test.context.BootstrapUtils - Instantiating BootstrapContext using constructor [public org.springframework.test.context.support.DefaultBootstrapContext(java.lang.Class,org.springframework.test.context.CacheAwareContextLoaderDelegate)]
18:33:54.279 [main] DEBUG org.springframework.test.context.BootstrapUtils - Instantiating TestContextBootstrapper for test class [com.javatechie.ProductServiceApplicationTests] from class [org.springframework.boot.test.context.SpringBootTestContextBootstrapper]
18:33:54.340 [main] INFO org.springframework.boot.test.context.SpringBootTestContextBootstrapper - Neither @ContextConfiguration nor @ContextHierarchy found for test class [com.javatechie.ProductServiceApplicationTests], using SpringBootContextLoader
18:33:54.352 [main] DEBUG org.springframework.test.context.support.AbstractContextLoader - Did not detect default resource location for test class [com.javatechie.ProductServiceApplicationTests]: class path resource [com/javatechie/ProductServiceApplicationTests-context.xml] does not exist
18:33:54.353 [main] DEBUG org.springframework.test.context.support.AbstractContextLoader - Did not detect default resource location for test class [com.javatechie.ProductServiceApplicationTests]: class path resource [com/javatechie/ProductServiceApplicationTestsContext.groovy] does not exist
18:33:54.353 [main] INFO org.springframework.test.context.support.AbstractContextLoader - Could not detect default resource locations for test class [com.javatechie.ProductServiceApplicationTests]: no resource found for suffixes {-context.xml, Context.groovy}.
18:33:54.355 [main] INFO org.springframework.test.context.support.AnnotationConfigContextLoaderUtils - Could not detect default configuration classes for test class [com.javatechie.ProductServiceApplicationTests]: ProductServiceApplicationTests does not declare any static, non-private, non-final, nested classes annotated with @Configuration.
18:33:54.504 [main] DEBUG org.springframework.test.context.support.ActiveProfilesUtils - Could not find an 'annotation declaring class' for annotation type [org.springframework.test.context.ActiveProfiles] and class [com.javatechie.ProductServiceApplicationTests]
18:33:54.636 [main] DEBUG org.springframework.test.context.BootstrapUtils - Instantiating CacheAwareContextLoaderDelegate from class [org.springframework.test.context.cache.DefaultCacheAwareContextLoaderDelegate]
18:33:54.637 [main] DEBUG org.springframework.test.context.BootstrapUtils - Instantiating BootstrapContext using constructor [public org.springframework.test.context.support.DefaultBootstrapContext(java.lang.Class,org.springframework.test.context.CacheAwareContextLoaderDelegate)]
18:33:54.638 [main] DEBUG org.springframework.test.context.BootstrapUtils - Instantiating TestContextBootstrapper for test class [com.javatechie.ProductServiceApplicationTests] from class [org.springframework.boot.test.context.SpringBootTestContextBootstrapper]
18:33:54.640 [main] INFO org.springframework.boot.test.context.SpringBootTestContextBootstrapper - Neither @ContextConfiguration nor @ContextHierarchy found for test class [com.javatechie.ProductServiceApplicationTests], using SpringBootContextLoader
18:33:54.641 [main] DEBUG org.springframework.test.context.support.AbstractContextLoader - Did not detect default resource location for test class [com.javatechie.ProductServiceApplicationTests]: class path resource [com/javatechie/ProductServiceApplicationTests-context.xml] does not exist
18:33:54.642 [main] DEBUG org.springframework.test.context.support.AbstractContextLoader - Did not detect default resource location for test class [com.javatechie.ProductServiceApplicationTests]: class path resource [com/javatechie/ProductServiceApplicationTestsContext.groovy] does not exist
18:33:54.642 [main] INFO org.springframework.test.context.support.AbstractContextLoader - Could not detect default resource locations for test class [com.javatechie.ProductServiceApplicationTests]: no resource found for suffixes {-context.xml, Context.groovy}.
18:33:54.643 [main] INFO org.springframework.test.context.support.AnnotationConfigContextLoaderUtils - Could not detect default configuration classes for test class [com.javatechie.ProductServiceApplicationTests]: ProductServiceApplicationTests does not declare any static, non-private, non-final, nested classes annotated with @Configuration.
18:33:54.648 [main] DEBUG org.springframework.test.context.support.ActiveProfilesUtils - Could not find an 'annotation declaring class' for annotation type [org.springframework.test.context.ActiveProfiles] and class [com.javatechie.ProductServiceApplicationTests]
18:33:54.681 [main] DEBUG org.springframework.test.context.BootstrapUtils - Instantiating CacheAwareContextLoaderDelegate from class [org.springframework.test.context.cache.DefaultCacheAwareContextLoaderDelegate]
18:33:54.681 [main] DEBUG org.springframework.test.context.BootstrapUtils - Instantiating BootstrapContext using constructor [public org.springframework.test.context.support.DefaultBootstrapContext(java.lang.Class,org.springframework.test.context.CacheAwareContextLoaderDelegate)]
18:33:54.682 [main] DEBUG org.springframework.test.context.BootstrapUtils - Instantiating TestContextBootstrapper for test class [com.javatechie.ProductServiceApplicationTests] from class [org.springframework.boot.test.context.SpringBootTestContextBootstrapper]
18:33:54.683 [main] INFO org.springframework.boot.test.context.SpringBootTestContextBootstrapper - Neither @ContextConfiguration nor @ContextHierarchy found for test class [com.javatechie.ProductServiceApplicationTests], using SpringBootContextLoader
18:33:54.685 [main] DEBUG org.springframework.test.context.support.AbstractContextLoader - Did not detect default resource location for test class [com.javatechie.ProductServiceApplicationTests]: class path resource [com/javatechie/ProductServiceApplicationTests-context.xml] does not exist
18:33:54.686 [main] DEBUG org.springframework.test.context.support.AbstractContextLoader - Did not detect default resource location for test class [com.javatechie.ProductServiceApplicationTests]: class path resource [com/javatechie/ProductServiceApplicationTestsContext.groovy] does not exist
18:33:54.687 [main] INFO org.springframework.test.context.support.AbstractContextLoader - Could not detect default resource locations for test class [com.javatechie.ProductServiceApplicationTests]: no resource found for suffixes {-context.xml, Context.groovy}.
18:33:54.687 [main] INFO org.springframework.test.context.support.AnnotationConfigContextLoaderUtils - Could not detect default configuration classes for test class [com.javatechie.ProductServiceApplicationTests]: ProductServiceApplicationTests does not declare any static, non-private, non-final, nested classes annotated with @Configuration.
18:33:54.693 [main] DEBUG org.springframework.test.context.support.ActiveProfilesUtils - Could not find an 'annotation declaring class' for annotation type [org.springframework.test.context.ActiveProfiles] and class [com.javatechie.ProductServiceApplicationTests]
]]></system-out>
  </testcase>
</testsuite>